app/manifest-merger-release-report.txt
-- Merging decision tree log ---
manifest
ADDED from AndroidManifest.xml:2:1
	package
		ADDED from AndroidManifest.xml:3:11
		INJECTED from AndroidManifest.xml:0:0
		INJECTED from AndroidManifest.xml:0:0
	android:versionName
		INJECTED from AndroidManifest.xml:0:0
		INJECTED from AndroidManifest.xml:0:0
	xmlns:android
		ADDED from AndroidManifest.xml:2:11
	android:versionCode
		INJECTED from AndroidManifest.xml:0:0
		INJECTED from AndroidManifest.xml:0:0
uses-permission#android.permission.INTERNET
ADDED from AndroidManifest.xml:5:5
	android:name
		ADDED from AndroidManifest.xml:5:22
uses-permission#android.permission.MOUNT_UNMOUNT_FILESYSTEMS
ADDED from AndroidManifest.xml:6:5
	android:name
		ADDED from AndroidManifest.xml:6:22
uses-permission#android.permission.WRITE_EXTERNAL_STORAGE
ADDED from AndroidManifest.xml:7:5
	android:name
		ADDED from AndroidManifest.xml:7:22
uses-permission#android.permission.READ_PHONE_STATE
ADDED from AndroidManifest.xml:8:5
	android:name
		ADDED from AndroidManifest.xml:8:22
uses-permission#android.permission.ACCESS_NETWORK_STATE
ADDED from AndroidManifest.xml:9:5
	android:name
		ADDED from AndroidManifest.xml:9:22
uses-permission#android.permission.ACCESS_WIFI_STATE
ADDED from AndroidManifest.xml:10:5
	android:name
		ADDED from AndroidManifest.xml:10:22
uses-permission#android.permission.CHANGE_WIFI_STATE
ADDED from AndroidManifest.xml:11:5
	android:name
		ADDED from AndroidManifest.xml:11:22
uses-permission#android.permission.VIBRATE
ADDED from AndroidManifest.xml:12:5
	android:name
		ADDED from AndroidManifest.xml:12:22
uses-permission#android.permission.RECEIVE_BOOT_COMPLETED
ADDED from AndroidManifest.xml:14:5
	android:name
		ADDED from AndroidManifest.xml:14:22
uses-permission#android.permission.WAKE_LOCK
ADDED from AndroidManifest.xml:16:5
	android:name
		ADDED from AndroidManifest.xml:16:22
uses-permission#android.permission.USE_CREDENTIALS
ADDED from AndroidManifest.xml:21:5
	android:name
		ADDED from AndroidManifest.xml:21:22
uses-permission#android.permission.GET_ACCOUNTS
ADDED from AndroidManifest.xml:24:5
	android:name
		ADDED from AndroidManifest.xml:24:22
uses-permission#android.permission.READ_PROFILE
ADDED from AndroidManifest.xml:27:5
	android:name
		ADDED from AndroidManifest.xml:27:22
uses-permission#android.permission.READ_CONTACTS
ADDED from AndroidManifest.xml:28:5
	android:name
		ADDED from AndroidManifest.xml:28:22
application
ADDED from AndroidManifest.xml:30:5
MERGED from com.android.support:appcompat-v7:21.0.3:16:5
MERGED from com.android.support:support-v4:21.0.3:16:5
MERGED from PortTradeMobile:androidpnlibrary:unspecified:11:5
MERGED from com.android.support:appcompat-v7:21.0.3:16:5
MERGED from com.android.support:support-v4:21.0.3:16:5
MERGED from com.android.support:recyclerview-v7:21.0.3:17:5
MERGED from com.android.support:support-v4:21.0.3:16:5
MERGED from PortTradeMobile:pullrefreshlibrary:unspecified:11:5
MERGED from PortTradeMobile:MobileLibrary:unspecified:11:5
MERGED from com.android.support:appcompat-v7:21.0.3:16:5
MERGED from com.android.support:support-v4:21.0.3:16:5
	android:label
		ADDED from AndroidManifest.xml:34:9
	android:allowBackup
		ADDED from AndroidManifest.xml:32:9
	android:icon
		ADDED from AndroidManifest.xml:33:9
	android:theme
		ADDED from AndroidManifest.xml:35:9
	android:name
		ADDED from AndroidManifest.xml:31:9
activity#org.port.trade.activity.SplashActivity
ADDED from AndroidManifest.xml:36:9
	android:theme
		ADDED from AndroidManifest.xml:38:13
	android:name
		ADDED from AndroidManifest.xml:37:13
intent-filter#android.intent.action.MAIN+android.intent.category.LAUNCHER
ADDED from AndroidManifest.xml:39:13
action#android.intent.action.MAIN
ADDED from AndroidManifest.xml:40:17
	android:name
		ADDED from AndroidManifest.xml:40:25
category#android.intent.category.LAUNCHER
ADDED from AndroidManifest.xml:42:17
	android:name
		ADDED from AndroidManifest.xml:42:27
activity#org.port.trade.activity.MainActivity
ADDED from AndroidManifest.xml:45:9
	android:label
		ADDED from AndroidManifest.xml:47:13
	android:name
		ADDED from AndroidManifest.xml:46:13
activity#org.port.trade.activity.MessageActivity
ADDED from AndroidManifest.xml:48:9
	android:name
		ADDED from AndroidManifest.xml:48:19
meta-data#android.support.PARENT_ACTIVITY
ADDED from AndroidManifest.xml:49:13
	android:value
		ADDED from AndroidManifest.xml:51:17
	android:name
		ADDED from AndroidManifest.xml:50:17
activity#org.port.trade.activity.FunctionListActivity
ADDED from AndroidManifest.xml:55:9
	android:name
		ADDED from AndroidManifest.xml:55:19
activity#org.port.trade.activity.FunctionContentActivity
ADDED from AndroidManifest.xml:62:9
	android:name
		ADDED from AndroidManifest.xml:62:19
activity#org.port.trade.activity.CommonFunctionActivity
ADDED from AndroidManifest.xml:69:9
	android:name
		ADDED from AndroidManifest.xml:69:19
activity#org.port.trade.activity.PasswordChangeActivity
ADDED from AndroidManifest.xml:76:9
	android:name
		ADDED from AndroidManifest.xml:76:19
activity#org.port.trade.activity.PersonalInfoActivity
ADDED from AndroidManifest.xml:83:9
	android:name
		ADDED from AndroidManifest.xml:83:19
activity#org.port.trade.activity.LoginActivity
ADDED from AndroidManifest.xml:90:9
	android:name
		ADDED from AndroidManifest.xml:90:19
activity#org.androidpn.client.NotificationDetailsActivity
ADDED from AndroidManifest.xml:91:9
	android:label
		ADDED from AndroidManifest.xml:93:13
	android:name
		ADDED from AndroidManifest.xml:92:13
activity#org.androidpn.client.NotificationSettingsActivity
ADDED from AndroidManifest.xml:95:9
	android:label
		ADDED from AndroidManifest.xml:97:13
	android:name
		ADDED from AndroidManifest.xml:96:13
service#org.androidpn.client.NotificationService
ADDED from AndroidManifest.xml:100:9
	android:enabled
		ADDED from AndroidManifest.xml:102:13
	android:label
		ADDED from AndroidManifest.xml:103:13
	android:name
		ADDED from AndroidManifest.xml:101:13
intent-filter#org.androidpn.client.NotificationService
ADDED from AndroidManifest.xml:104:13
action#org.androidpn.client.NotificationService
ADDED from AndroidManifest.xml:105:17
	android:name
		ADDED from AndroidManifest.xml:105:25
activity#org.port.trade.notify.NotifyListActivity
ADDED from AndroidManifest.xml:109:9
	android:label
		ADDED from AndroidManifest.xml:111:13
	android:name
		ADDED from AndroidManifest.xml:110:13
activity#org.port.trade.notify.NotifySettingsActivity
ADDED from AndroidManifest.xml:113:9
	android:label
		ADDED from AndroidManifest.xml:115:13
	android:name
		ADDED from AndroidManifest.xml:114:13
activity#org.port.trade.notify.NotifyDetailActivity
ADDED from AndroidManifest.xml:117:9
	android:label
		ADDED from AndroidManifest.xml:119:13
	android:name
		ADDED from AndroidManifest.xml:118:13
receiver#org.port.trade.notify.NotifyReceiver
ADDED from AndroidManifest.xml:122:9
	android:exported
		ADDED from AndroidManifest.xml:124:13
	android:name
		ADDED from AndroidManifest.xml:123:13
intent-filter#com.githang.android.apnbb.demo.SHOW_NOTIFICATION
ADDED from AndroidManifest.xml:125:13
action#com.githang.android.apnbb.demo.SHOW_NOTIFICATION
ADDED from AndroidManifest.xml:126:17
	android:name
		ADDED from AndroidManifest.xml:126:25
receiver#org.port.trade.notify.AutoRunReceiver
ADDED from AndroidManifest.xml:130:9
	android:enabled
		ADDED from AndroidManifest.xml:132:13
	android:exported
		ADDED from AndroidManifest.xml:133:13
	android:name
		ADDED from AndroidManifest.xml:131:13
intent-filter#android.intent.action.BOOT_COMPLETED
ADDED from AndroidManifest.xml:134:13
action#android.intent.action.BOOT_COMPLETED
ADDED from AndroidManifest.xml:135:17
	android:name
		ADDED from AndroidManifest.xml:135:25
uses-sdk
INJECTED from AndroidManifest.xml:0:0 reason: use-sdk injection requested
MERGED from com.android.support:appcompat-v7:21.0.3:15:5
MERGED from com.android.support:support-v4:21.0.3:15:5
MERGED from PortTradeMobile:androidpnlibrary:unspecified:7:5
MERGED from com.android.support:appcompat-v7:21.0.3:15:5
MERGED from com.android.support:support-v4:21.0.3:15:5
MERGED from com.android.support:recyclerview-v7:21.0.3:15:5
MERGED from com.android.support:support-v4:21.0.3:15:5
MERGED from PortTradeMobile:pullrefreshlibrary:unspecified:7:5
MERGED from PortTradeMobile:MobileLibrary:unspecified:7:5
MERGED from com.android.support:appcompat-v7:21.0.3:15:5
MERGED from com.android.support:support-v4:21.0.3:15:5
	android:targetSdkVersion
		INJECTED from AndroidManifest.xml:0:0
		INJECTED from AndroidManifest.xml:0:0
	android:minSdkVersion
		INJECTED from AndroidManifest.xml:0:0
		INJECTED from AndroidManifest.xml:0:0
activity#android.support.v7.widget.TestActivity
ADDED from com.android.support:recyclerview-v7:21.0.3:18:9
	android:label
		ADDED from com.android.support:recyclerview-v7:21.0.3:18:19
	android:name
		ADDED from com.android.support:recyclerview-v7:21.0.3:18:60